2021-09-28 01:19:59.332  WARN 55282 --- [HikariPool-1 housekeeper] com.zaxxer.hikari.pool.HikariPool        : HikariPool-1 - Thread starvation or clock leap detected (housekeeper delta=1h40m810ms).
2021-09-28 02:09:49.732  WARN 55282 --- [HikariPool-1 housekeeper] com.zaxxer.hikari.pool.HikariPool        : HikariPool-1 - Thread starvation or clock leap detected (housekeeper delta=49m50s404ms).
2021-09-28 03:52:53.487  WARN 55282 --- [HikariPool-1 housekeeper] com.zaxxer.hikari.pool.HikariPool        : HikariPool-1 - Thread starvation or clock leap detected (housekeeper delta=1h43m3s763ms).
2021-09-28 05:19:48.817  WARN 55282 --- [HikariPool-1 housekeeper] com.zaxxer.hikari.pool.HikariPool        : HikariPool-1 - Thread starvation or clock leap detected (housekeeper delta=1h26m55s323ms).
2021-09-28 06:47:39.287  WARN 55282 --- [HikariPool-1 housekeeper] com.zaxxer.hikari.pool.HikariPool        : HikariPool-1 - Thread starvation or clock leap detected (housekeeper delta=1h27m50s477ms).
2021-09-28 07:02:25.341  WARN 55282 --- [HikariPool-1 housekeeper] com.zaxxer.hikari.pool.HikariPool        : HikariPool-1 - Thread starvation or clock leap detected (housekeeper delta=14m46s52ms).
2021-09-28 08:59:55.993  WARN 55282 --- [HikariPool-1 housekeeper] com.zaxxer.hikari.pool.HikariPool        : HikariPool-1 - Retrograde clock change detected (housekeeper delta=29s697ms), soft-evicting connections from pool.
2021-09-28 18:07:35.957  INFO 55282 --- [SpringApplicationShutdownHook] j.LocalContainerEntityManagerFactoryBean : Closing JPA EntityManagerFactory for persistence unit 'default'
2021-09-28 18:07:36.019  INFO 55282 --- [SpringApplicationShutdownHook] com.zaxxer.hikari.HikariDataSource       : HikariPool-1 - Shutdown initiated...
2021-09-28 18:07:36.097  INFO 55282 --- [SpringApplicationShutdownHook] com.zaxxer.hikari.HikariDataSource       : HikariPool-1 - Shutdown completed.
2021-09-28 18:07:43.291  INFO 13315 --- [restartedMain] c.e.d.DukaChallengeApplication           : Starting DukaChallengeApplication using Java 11.0.2 on Nishimwes-MacBook-Air.local with PID 13315 (/Users/nishimweelysee/Desktop/duka_backend_challenge/DukaChallenge/target/classes started by nishimweelysee in /Users/nishimweelysee/Desktop/duka_backend_challenge/DukaChallenge)
2021-09-28 18:07:43.297  INFO 13315 --- [restartedMain] c.e.d.DukaChallengeApplication           : No active profile set, falling back to default profiles: default
2021-09-28 18:07:43.367  INFO 13315 --- [restartedMain] .e.DevToolsPropertyDefaultsPostProcessor : Devtools property defaults active! Set 'spring.devtools.add-properties' to 'false' to disable
2021-09-28 18:07:43.367  INFO 13315 --- [restartedMain] .e.DevToolsPropertyDefaultsPostProcessor : For additional web related logging consider setting the 'logging.level.web' property to 'DEBUG'
2021-09-28 18:07:45.166  INFO 13315 --- [restartedMain] .s.d.r.c.RepositoryConfigurationDelegate : Bootstrapping Spring Data JPA repositories in DEFAULT mode.
2021-09-28 18:07:45.244  INFO 13315 --- [restartedMain] .s.d.r.c.RepositoryConfigurationDelegate : Finished Spring Data repository scanning in 72 ms. Found 2 JPA repository interfaces.
2021-09-28 18:07:45.918  INFO 13315 --- [restartedMain] o.s.b.w.embedded.tomcat.TomcatWebServer  : Tomcat initialized with port(s): 9092 (http)
2021-09-28 18:07:45.924  INFO 13315 --- [restartedMain] o.apache.catalina.core.StandardService   : Starting service [Tomcat]
2021-09-28 18:07:45.925  INFO 13315 --- [restartedMain] org.apache.catalina.core.StandardEngine  : Starting Servlet engine: [Apache Tomcat/9.0.48]
2021-09-28 18:07:45.995  INFO 13315 --- [restartedMain] o.a.c.c.C.[Tomcat].[localhost].[/]       : Initializing Spring embedded WebApplicationContext
2021-09-28 18:07:45.996  INFO 13315 --- [restartedMain] w.s.c.ServletWebServerApplicationContext : Root WebApplicationContext: initialization completed in 2628 ms
2021-09-28 18:07:46.191  INFO 13315 --- [restartedMain] o.hibernate.jpa.internal.util.LogHelper  : HHH000204: Processing PersistenceUnitInfo [name: default]
2021-09-28 18:07:46.216  INFO 13315 --- [restartedMain] org.hibernate.Version                    : HHH000412: Hibernate ORM core version 5.4.32.Final
2021-09-28 18:07:46.274  INFO 13315 --- [restartedMain] o.hibernate.annotations.common.Version   : HCANN000001: Hibernate Commons Annotations {5.1.2.Final}
2021-09-28 18:07:46.318  INFO 13315 --- [restartedMain] com.zaxxer.hikari.HikariDataSource       : HikariPool-1 - Starting...
2021-09-28 18:07:46.512  INFO 13315 --- [restartedMain] com.zaxxer.hikari.HikariDataSource       : HikariPool-1 - Start completed.
2021-09-28 18:07:46.524  INFO 13315 --- [restartedMain] org.hibernate.dialect.Dialect            : HHH000400: Using dialect: org.hibernate.dialect.PostgreSQLDialect
2021-09-28 18:07:47.281  INFO 13315 --- [restartedMain] o.h.e.t.j.p.i.JtaPlatformInitiator       : HHH000490: Using JtaPlatform implementation: [org.hibernate.engine.transaction.jta.platform.internal.NoJtaPlatform]
2021-09-28 18:07:47.292  INFO 13315 --- [restartedMain] j.LocalContainerEntityManagerFactoryBean : Initialized JPA EntityManagerFactory for persistence unit 'default'
2021-09-28 18:07:47.936  WARN 13315 --- [restartedMain] JpaBaseConfiguration$JpaWebConfiguration : spring.jpa.open-in-view is enabled by default. Therefore, database queries may be performed during view rendering. Explicitly configure spring.jpa.open-in-view to disable this warning
2021-09-28 18:07:48.169  INFO 13315 --- [restartedMain] o.s.b.a.e.web.EndpointLinksResolver      : Exposing 1 endpoint(s) beneath base path '/actuator'
2021-09-28 18:07:48.339  INFO 13315 --- [restartedMain] o.s.b.d.a.OptionalLiveReloadServer       : LiveReload server is running on port 35729
2021-09-28 18:07:48.547  INFO 13315 --- [restartedMain] o.s.b.w.embedded.tomcat.TomcatWebServer  : Tomcat started on port(s): 9092 (http) with context path ''
2021-09-28 18:07:48.550  INFO 13315 --- [restartedMain] d.s.w.p.DocumentationPluginsBootstrapper : Context refreshed
2021-09-28 18:07:48.561  INFO 13315 --- [restartedMain] d.s.w.p.DocumentationPluginsBootstrapper : Found 1 custom documentation plugin(s)
2021-09-28 18:07:48.569  INFO 13315 --- [restartedMain] s.d.s.w.s.ApiListingReferenceScanner     : Scanning for api listing references
2021-09-28 18:07:48.755  INFO 13315 --- [restartedMain] c.e.d.DukaChallengeApplication           : Started DukaChallengeApplication in 6.091 seconds (JVM running for 7.305)
2021-09-28 18:07:49.138  INFO 13315 --- [RMI TCP Connection(2)-127.0.0.1] o.a.c.c.C.[Tomcat].[localhost].[/]       : Initializing Spring DispatcherServlet 'dispatcherServlet'
2021-09-28 18:07:49.138  INFO 13315 --- [RMI TCP Connection(2)-127.0.0.1] o.s.web.servlet.DispatcherServlet        : Initializing Servlet 'dispatcherServlet'
2021-09-28 18:07:49.142  INFO 13315 --- [RMI TCP Connection(2)-127.0.0.1] o.s.web.servlet.DispatcherServlet        : Completed initialization in 3 ms
2021-09-28 18:08:06.277  INFO 13315 --- [http-nio-9092-exec-2] c.e.d.controllers.TodoController         : Retrieving all Todos
2021-09-28 18:21:26.546  INFO 13315 --- [SpringApplicationShutdownHook] j.LocalContainerEntityManagerFactoryBean : Closing JPA EntityManagerFactory for persistence unit 'default'
2021-09-28 18:21:26.609  INFO 13315 --- [SpringApplicationShutdownHook] com.zaxxer.hikari.HikariDataSource       : HikariPool-1 - Shutdown initiated...
2021-09-28 18:21:26.685  INFO 13315 --- [SpringApplicationShutdownHook] com.zaxxer.hikari.HikariDataSource       : HikariPool-1 - Shutdown completed.
